Copyright 1986-2017 Xilinx, Inc. All Rights Reserved.
------------------------------------------------------------------------------------
| Tool Version : Vivado v.2017.3 (win64) Build 2018833 Wed Oct  4 19:58:22 MDT 2017
| Date         : Mon Sep 14 21:22:04 2020
| Host         : FilipPC running 64-bit major release  (build 9200)
| Command      : report_control_sets -file TETRIS_Main_control_sets_placed.rpt
| Design       : TETRIS_Main
| Device       : xc7a35t
------------------------------------------------------------------------------------

Control Set Information

Table of Contents
-----------------
1. Summary
2. Flip-Flop Distribution

1. Summary
----------

+-------------------------------+-------+
|             Status            | Count |
+-------------------------------+-------+
| Number of unique control sets |    28 |
+-------------------------------+-------+


2. Flip-Flop Distribution
-------------------------

+--------------+-----------------------+------------------------+-----------------+--------------+
| Clock Enable | Synchronous Set/Reset | Asynchronous Set/Reset | Total Registers | Total Slices |
+--------------+-----------------------+------------------------+-----------------+--------------+
| No           | No                    | No                     |              50 |           24 |
| No           | No                    | Yes                    |              24 |            3 |
| No           | Yes                   | No                     |             232 |          122 |
| Yes          | No                    | No                     |              22 |            9 |
| Yes          | No                    | Yes                    |               0 |            0 |
| Yes          | Yes                   | No                     |             805 |          215 |
+--------------+-----------------------+------------------------+-----------------+--------------+


