#-----------------------------------------------------------
# Vivado v2017.3 (64-bit)
# SW Build 2018833 on Wed Oct  4 19:58:22 MDT 2017
# IP Build 2016188 on Wed Oct  4 21:52:56 MDT 2017
# Start of session at: Sun Aug 23 13:43:39 2020
# Process ID: 4976
# Current directory: C:/Users/Filip/Desktop/uec2_projekt/vivado/UEC2_projekt_tetris
# Command line: vivado.exe -gui_launcher_event rodinguilauncherevent4456 C:\Users\Filip\Desktop\uec2_projekt\vivado\UEC2_projekt_tetris\UEC2_projekt_tetris.xpr
# Log file: C:/Users/Filip/Desktop/uec2_projekt/vivado/UEC2_projekt_tetris/vivado.log
# Journal file: C:/Users/Filip/Desktop/uec2_projekt/vivado/UEC2_projekt_tetris\vivado.jou
#-----------------------------------------------------------
start_gui
open_project C:/Users/Filip/Desktop/uec2_projekt/vivado/UEC2_projekt_tetris/UEC2_projekt_tetris.xpr
Scanning sources...
Finished scanning sources
INFO: [IP_Flow 19-234] Refreshing IP repositories
INFO: [IP_Flow 19-1704] No user IP repositories specified
INFO: [IP_Flow 19-2313] Loaded Vivado IP repository 'C:/Xilinx/Vivado/2017.3/data/ip'.
open_project: Time (s): cpu = 00:00:15 ; elapsed = 00:00:09 . Memory (MB): peak = 785.211 ; gain = 69.883
update_compile_order -fileset sources_1
add_files -norecurse {C:/Users/Filip/Desktop/uec2_projekt/vivado/UEC2_projekt_tetris/UEC2_projekt_tetris.srcs/sources_1/imports/debouncer.v C:/Users/Filip/Desktop/uec2_projekt/vivado/UEC2_projekt_tetris/UEC2_projekt_tetris.srcs/sources_1/imports/PS2Receiver.v}
update_compile_order -fileset sources_1
the value of str is 0.000 

the value of str is 0.000 

the value of str is 0.000 

the value of str is 0.000 

the value of str is 0.000 

the value of str is 0.000 

the value of str is 0.000 

the value of str is 0.000 

the value of str is 0.000 

the value of str is 0.000 

the value of str is 0.000 

the value of str is 0.000 

the value of str is 0.000 

the value of str is 0.000 

the value of str is 0.000 

the value of str is 0.000 

the value of str is 0.000 

the value of str is 0.000 

the value of str is 0.000 

the value of str is 0.000 

the value of str is 0.000 

the value of str is 0.000 

the value of str is 0.000 

the value of str is 0.000 

the value of str is 0.000 

the value of str is 0.000 

the value of str is 0.000 

the value of str is 0.000 

the value of str is 0.000 

the value of str is 0.000 

the value of str is 0.000 

the value of str is 0.000 

the value of str is 0.000 

the value of str is 0.000 

the value of str is 0.000 

the value of str is 0.000 

the value of str is 0.000 

the value of str is 0.000 

the value of str is 0.000 

the value of str is 0.000 

the value of str is 0.000 

the value of str is 0.000 

missing operand at _@_
in expression "50.000 / (_@_*1.0)"
the value of str is 0.000 

missing operand at _@_
in expression "50.000 / (_@_*1.0)"
the value of str is 0.000 

missing operand at _@_
in expression "50.000 / (_@_*1.0)"
the value of str is 0.000 

missing operand at _@_
in expression "50.000 / (_@_*1.0)"
the value of str is 0.000 

missing operand at _@_
in expression "50.000 / (_@_*1.0)"
the value of str is 0.000 

missing operand at _@_
in expression "50.000 / (_@_*1.0)"
the value of str is 0.000 

missing operand at _@_
in expression "50.000 / (_@_*1.0)"
the value of str is 0.000 

missing operand at _@_
in expression "50.000 / (_@_*1.0)"
missing operand at _@_
in expression "50.000 / (_@_*1.0)"
missing operand at _@_
in expression "100.000 *1.0 / _@_"
missing operand at _@_
in expression "100.000 *1.0 / _@_"
missing operand at _@_
in expression "100.000 *1.0 / _@_"
missing operand at _@_
in expression "100.000 *1.0 / _@_"
missing operand at _@_
in expression "100.000 *1.0 / _@_"
missing operand at _@_
in expression "50.000 / (_@_*1.0)"
missing operand at _@_
in expression "50.000 / (_@_*1.0)"
missing operand at _@_
in expression "50.000 / (_@_*1.0)"
the value of str is 0.000 

the value of str is 0.000 

the value of str is 0.000 

the value of str is 0.000 

the value of str is 0.000 

the value of str is 0.000 

the value of str is 0.000 

the value of str is 0.000 

the value of str is 0.000 

the value of str is 0.000 

the value of str is 0.000 

the value of str is 0.000 

the value of str is 0.000 

the value of str is 0.000 

the value of str is 0.000 

the value of str is 0.000 

the value of str is 0.000 

the value of str is 0.000 

the value of str is 0.000 

the value of str is 0.000 

the value of str is 0.000 

the value of str is 0.000 

the value of str is 0.000 

the value of str is 0.000 

the value of str is 0.000 

the value of str is 0.000 

the value of str is 0.000 

the value of str is 0.000 

the value of str is 0.000 

the value of str is 0.000 

the value of str is 0.000 

the value of str is 0.000 

the value of str is 0.000 

the value of str is 0.000 

the value of str is 0.000 

set_property -dict [list CONFIG.CLKOUT3_USED {false} CONFIG.CLK_OUT1_PORT {clk50MHz} CONFIG.CLK_OUT3_PORT {clk1Hz} CONFIG.CLKOUT1_REQUESTED_OUT_FREQ {50.000} CONFIG.CLKOUT3_REQUESTED_OUT_FREQ {50.000} CONFIG.MMCM_DIVCLK_DIVIDE {1} CONFIG.MMCM_CLKFBOUT_MULT_F {9.750} CONFIG.MMCM_CLKIN1_PERIOD {10.000} CONFIG.MMCM_CLKIN2_PERIOD {10.000} CONFIG.MMCM_CLKOUT0_DIVIDE_F {19.500} CONFIG.MMCM_CLKOUT1_DIVIDE {15} CONFIG.MMCM_CLKOUT2_DIVIDE {1} CONFIG.NUM_OUT_CLKS {2} CONFIG.CLKOUT1_JITTER {150.541} CONFIG.CLKOUT1_PHASE_ERROR {99.281} CONFIG.CLKOUT2_JITTER {142.278} CONFIG.CLKOUT2_PHASE_ERROR {99.281} CONFIG.CLKOUT3_JITTER {167.927} CONFIG.CLKOUT3_PHASE_ERROR {124.502}] [get_ips IP_clk_generator]
WARNING: [IP_Flow 19-3374] An attempt to modify the value of disabled parameter 'CLK_OUT3_PORT' from 'clk_out3' to 'clk1Hz' has been ignored for IP 'IP_clk_generator'
WARNING: [IP_Flow 19-3374] An attempt to modify the value of disabled parameter 'CLKOUT3_REQUESTED_OUT_FREQ' from '100.000' to '50.000' has been ignored for IP 'IP_clk_generator'
generate_target all [get_files  C:/Users/Filip/Desktop/uec2_projekt/vivado/UEC2_projekt_tetris/UEC2_projekt_tetris.srcs/sources_1/ip/IP_clk_generator/IP_clk_generator.xci]
INFO: [IP_Flow 19-1686] Generating 'Instantiation Template' target for IP 'IP_clk_generator'...
INFO: [IP_Flow 19-1686] Generating 'Synthesis' target for IP 'IP_clk_generator'...
INFO: [IP_Flow 19-1686] Generating 'Simulation' target for IP 'IP_clk_generator'...
INFO: [IP_Flow 19-1686] Generating 'Implementation' target for IP 'IP_clk_generator'...
INFO: [IP_Flow 19-1686] Generating 'Change Log' target for IP 'IP_clk_generator'...
export_ip_user_files -of_objects [get_files C:/Users/Filip/Desktop/uec2_projekt/vivado/UEC2_projekt_tetris/UEC2_projekt_tetris.srcs/sources_1/ip/IP_clk_generator/IP_clk_generator.xci] -no_script -sync -force -quiet
export_simulation -of_objects [get_files C:/Users/Filip/Desktop/uec2_projekt/vivado/UEC2_projekt_tetris/UEC2_projekt_tetris.srcs/sources_1/ip/IP_clk_generator/IP_clk_generator.xci] -directory C:/Users/Filip/Desktop/uec2_projekt/vivado/UEC2_projekt_tetris/UEC2_projekt_tetris.ip_user_files/sim_scripts -ip_user_files_dir C:/Users/Filip/Desktop/uec2_projekt/vivado/UEC2_projekt_tetris/UEC2_projekt_tetris.ip_user_files -ipstatic_source_dir C:/Users/Filip/Desktop/uec2_projekt/vivado/UEC2_projekt_tetris/UEC2_projekt_tetris.ip_user_files/ipstatic -lib_map_path [list {modelsim=C:/Users/Filip/Desktop/uec2_projekt/vivado/UEC2_projekt_tetris/UEC2_projekt_tetris.cache/compile_simlib/modelsim} {questa=C:/Users/Filip/Desktop/uec2_projekt/vivado/UEC2_projekt_tetris/UEC2_projekt_tetris.cache/compile_simlib/questa} {riviera=C:/Users/Filip/Desktop/uec2_projekt/vivado/UEC2_projekt_tetris/UEC2_projekt_tetris.cache/compile_simlib/riviera} {activehdl=C:/Users/Filip/Desktop/uec2_projekt/vivado/UEC2_projekt_tetris/UEC2_projekt_tetris.cache/compile_simlib/activehdl}] -use_ip_compiled_libs -force -quiet
update_compile_order -fileset sources_1
close [ open C:/Users/Filip/Desktop/uec2_projekt/vivado/UEC2_projekt_tetris/UEC2_projekt_tetris.srcs/sources_1/new/clk1Hz.v w ]
add_files C:/Users/Filip/Desktop/uec2_projekt/vivado/UEC2_projekt_tetris/UEC2_projekt_tetris.srcs/sources_1/new/clk1Hz.v
update_compile_order -fileset sources_1
update_compile_order -fileset sources_1
reset_run synth_1
launch_runs synth_1 -jobs 2
[Sun Aug 23 14:05:43 2020] Launched synth_1...
Run output will be captured here: C:/Users/Filip/Desktop/uec2_projekt/vivado/UEC2_projekt_tetris/UEC2_projekt_tetris.runs/synth_1/runme.log
the value of str is 0.000 

the value of str is 0.000 

the value of str is 0.000 

the value of str is 0.000 

the value of str is 0.000 

the value of str is 0.000 

the value of str is 0.000 

ERROR: [IP_Flow 19-3449] Failed to set configurable element 'BUSIF_ENABLEMENT.CLOCK_CLK_IN2' to value 'false' for 'IP 'IP_clk_generator''.
the value of str is 0.000 

the value of str is 0.000 

the value of str is 0.000 

the value of str is 0.000 

the value of str is 0.000 

the value of str is 0.000 

the value of str is 0.000 

the value of str is 0.000 

the value of str is 0.000 

the value of str is 0.000 

the value of str is 0.000 

the value of str is 0.000 

the value of str is 0.000 

the value of str is 0.000 

the value of str is 0.000 

the value of str is 0.000 

the value of str is 0.000 

the value of str is 0.000 

the value of str is 0.000 

the value of str is 0.000 

the value of str is 0.000 

the value of str is 0.000 

the value of str is 0.000 

the value of str is 0.000 

the value of str is 0.000 

the value of str is 0.000 

the value of str is 0.000 

the value of str is 0.000 

the value of str is 0.000 

the value of str is 0.000 

the value of str is 0.000 

the value of str is 0.000 

the value of str is 0.000 

the value of str is 0.000 

the value of str is 0.000 

the value of str is 0.000 

the value of str is 0.000 

the value of str is 0.000 

the value of str is 0.000 

the value of str is 0.000 

the value of str is 0.000 

the value of str is 0.000 

the value of str is 0.000 

the value of str is 0.000 

the value of str is 0.000 

the value of str is 0.000 

the value of str is 0.000 

the value of str is 0.000 

the value of str is 0.000 

the value of str is 0.000 

the value of str is 0.000 

the value of str is 0.000 

the value of str is 0.000 

the value of str is 0.000 

the value of str is 0.000 

the value of str is 0.000 

the value of str is 0.000 

the value of str is 0.000 

the value of str is 0.000 

the value of str is 0.000 

the value of str is 0.000 

the value of str is 0.000 

the value of str is 0.000 

the value of str is 0.000 

the value of str is 0.000 

the value of str is 0.000 

the value of str is 0.000 

the value of str is 0.000 

the value of str is 0.000 

the value of str is 0.000 

reset_property  ALL_PROPS  [get_ips IP_clk_generator]
ERROR: [IP_Flow 19-3449] Failed to set configurable element 'BUSIF_ENABLEMENT.CLOCK_CLK_IN2' to value 'false' for 'IP 'IP_clk_generator''.
ERROR: [Common 17-39] 'reset_property' failed due to earlier errors.
reset_run synth_1
launch_runs synth_1 -jobs 2
[Sun Aug 23 14:11:21 2020] Launched synth_1...
Run output will be captured here: C:/Users/Filip/Desktop/uec2_projekt/vivado/UEC2_projekt_tetris/UEC2_projekt_tetris.runs/synth_1/runme.log
exit
INFO: [Common 17-206] Exiting Vivado at Sun Aug 23 14:14:51 2020...
