#-----------------------------------------------------------
# Vivado v2017.3 (64-bit)
# SW Build 2018833 on Wed Oct  4 19:58:22 MDT 2017
# IP Build 2016188 on Wed Oct  4 21:52:56 MDT 2017
# Start of session at: Tue Aug 18 14:10:10 2020
# Process ID: 4824
# Current directory: C:/Users/Filip/Desktop/uec2_projekt/vivado/UEC2_projekt_tetris
# Command line: vivado.exe -gui_launcher_event rodinguilauncherevent4608 C:\Users\Filip\Desktop\uec2_projekt\vivado\UEC2_projekt_tetris\UEC2_projekt_tetris.xpr
# Log file: C:/Users/Filip/Desktop/uec2_projekt/vivado/UEC2_projekt_tetris/vivado.log
# Journal file: C:/Users/Filip/Desktop/uec2_projekt/vivado/UEC2_projekt_tetris\vivado.jou
#-----------------------------------------------------------
start_gui
open_project C:/Users/Filip/Desktop/uec2_projekt/vivado/UEC2_projekt_tetris/UEC2_projekt_tetris.xpr
Scanning sources...
Finished scanning sources
INFO: [IP_Flow 19-234] Refreshing IP repositories
INFO: [IP_Flow 19-1704] No user IP repositories specified
INFO: [IP_Flow 19-2313] Loaded Vivado IP repository 'C:/Xilinx/Vivado/2017.3/data/ip'.
open_project: Time (s): cpu = 00:00:16 ; elapsed = 00:01:09 . Memory (MB): peak = 723.676 ; gain = 68.289
update_compile_order -fileset sources_1
close [ open C:/Users/Filip/Desktop/uec2_projekt/vivado/UEC2_projekt_tetris/UEC2_projekt_tetris.srcs/sources_1/new/GAME_FRAME.v w ]
add_files C:/Users/Filip/Desktop/uec2_projekt/vivado/UEC2_projekt_tetris/UEC2_projekt_tetris.srcs/sources_1/new/GAME_FRAME.v
update_compile_order -fileset sources_1
update_compile_order -fileset sources_1
reset_run synth_1
launch_runs synth_1 -jobs 2
[Tue Aug 18 15:29:46 2020] Launched synth_1...
Run output will be captured here: C:/Users/Filip/Desktop/uec2_projekt/vivado/UEC2_projekt_tetris/UEC2_projekt_tetris.runs/synth_1/runme.log
launch_runs: Time (s): cpu = 00:00:00 ; elapsed = 00:00:07 . Memory (MB): peak = 839.859 ; gain = 0.000
exit
INFO: [Common 17-206] Exiting Vivado at Tue Aug 18 15:32:25 2020...
