#-----------------------------------------------------------
# Vivado v2017.3 (64-bit)
# SW Build 2018833 on Wed Oct  4 19:58:22 MDT 2017
# IP Build 2016188 on Wed Oct  4 21:52:56 MDT 2017
# Start of session at: Tue Sep 15 20:04:22 2020
# Process ID: 12752
# Current directory: C:/Users/Juten/Documents/GitHub/uec2_projekt/vivado/UEC2_projekt_tetris
# Command line: vivado.exe -gui_launcher_event rodinguilauncherevent16704 C:\Users\Juten\Documents\GitHub\uec2_projekt\vivado\UEC2_projekt_tetris\UEC2_projekt_tetris.xpr
# Log file: C:/Users/Juten/Documents/GitHub/uec2_projekt/vivado/UEC2_projekt_tetris/vivado.log
# Journal file: C:/Users/Juten/Documents/GitHub/uec2_projekt/vivado/UEC2_projekt_tetris\vivado.jou
#-----------------------------------------------------------
start_gui
open_project C:/Users/Juten/Documents/GitHub/uec2_projekt/vivado/UEC2_projekt_tetris/UEC2_projekt_tetris.xpr
Scanning sources...
Finished scanning sources
INFO: [IP_Flow 19-234] Refreshing IP repositories
INFO: [IP_Flow 19-1704] No user IP repositories specified
INFO: [IP_Flow 19-2313] Loaded Vivado IP repository 'C:/Xilinx/Vivado/2017.3/data/ip'.
open_project: Time (s): cpu = 00:00:16 ; elapsed = 00:00:07 . Memory (MB): peak = 804.234 ; gain = 116.047
update_compile_order -fileset sources_1
reset_run synth_1
launch_runs impl_1 -to_step write_bitstream -jobs 4
[Tue Sep 15 21:22:11 2020] Launched synth_1...
Run output will be captured here: C:/Users/Juten/Documents/GitHub/uec2_projekt/vivado/UEC2_projekt_tetris/UEC2_projekt_tetris.runs/synth_1/runme.log
[Tue Sep 15 21:22:11 2020] Launched impl_1...
Run output will be captured here: C:/Users/Juten/Documents/GitHub/uec2_projekt/vivado/UEC2_projekt_tetris/UEC2_projekt_tetris.runs/impl_1/runme.log
open_hw
connect_hw_server -url localhost:3121
INFO: [Labtools 27-2285] Connecting to hw_server url TCP:localhost:3121
INFO: [Labtools 27-2222] Launching hw_server...
INFO: [Labtools 27-2221] Launch Output:

****** Xilinx hw_server v2017.3
  **** Build date : Oct  4 2017-20:12:17
    ** Copyright 1986-2017 Xilinx, Inc. All Rights Reserved.


connect_hw_server: Time (s): cpu = 00:00:03 ; elapsed = 00:00:36 . Memory (MB): peak = 876.926 ; gain = 0.000
current_hw_target [get_hw_targets */xilinx_tcf/Digilent/210183738867A]
set_property PARAM.FREQUENCY 15000000 [get_hw_targets */xilinx_tcf/Digilent/210183738867A]
open_hw_target
INFO: [Labtoolstcl 44-466] Opening hw_target localhost:3121/xilinx_tcf/Digilent/210183738867A
set_property PROGRAM.FILE {C:/Users/Juten/Documents/GitHub/uec2_projekt/vivado/UEC2_projekt_tetris/UEC2_projekt_tetris.runs/impl_1/TETRIS_Main.bit} [get_hw_devices xc7a35t_0]
current_hw_device [get_hw_devices xc7a35t_0]
refresh_hw_device -update_hw_probes false [lindex [get_hw_devices xc7a35t_0] 0]
INFO: [Labtools 27-1435] Device xc7a35t (JTAG device index = 0) is not programmed (DONE status = 0).
set_property PROBES.FILE {} [get_hw_devices xc7a35t_0]
set_property FULL_PROBES.FILE {} [get_hw_devices xc7a35t_0]
set_property PROGRAM.FILE {C:/Users/Juten/Documents/GitHub/uec2_projekt/vivado/UEC2_projekt_tetris/UEC2_projekt_tetris.runs/impl_1/TETRIS_Main.bit} [get_hw_devices xc7a35t_0]
program_hw_devices [get_hw_devices xc7a35t_0]
INFO: [Labtools 27-3164] End of startup status: HIGH
refresh_hw_device [lindex [get_hw_devices xc7a35t_0] 0]
INFO: [Labtools 27-1434] Device xc7a35t (JTAG device index = 0) is programmed with a design that has no supported debug core(s) in it.
WARNING: [Labtools 27-3361] The debug hub core was not detected.
Resolution: 
1. Make sure the clock connected to the debug hub (dbg_hub) core is a free running clock and is active.
2. Make sure the BSCAN_SWITCH_USER_MASK device property in Vivado Hardware Manager reflects the user scan chain setting in the design and refresh the device.  To determine the user scan chain setting in the design, open the implemented design and use 'get_property C_USER_SCAN_CHAIN [get_debug_cores dbg_hub]'.
For more details on setting the scan chain property, consult the Vivado Debug and Programming User Guide (UG908).
ERROR: [Labtoolstcl 44-513] HW Target shutdown. Closing target: localhost:3121/xilinx_tcf/Digilent/210183738867A
close_hw
open_run impl_1
INFO: [Netlist 29-17] Analyzing 1093 Unisim elements for replacement
INFO: [Netlist 29-28] Unisim Transformation completed in 0 CPU seconds
INFO: [Project 1-479] Netlist was created with Vivado 2017.3
INFO: [Device 21-403] Loading part xc7a35tcpg236-1
INFO: [Project 1-570] Preparing netlist for logic optimization
Parsing XDC File [C:/Users/Juten/Documents/GitHub/uec2_projekt/vivado/UEC2_projekt_tetris/.Xil/Vivado-12752-LAPTOP-F1511I4M/dcp1/TETRIS_Main_board.xdc]
Finished Parsing XDC File [C:/Users/Juten/Documents/GitHub/uec2_projekt/vivado/UEC2_projekt_tetris/.Xil/Vivado-12752-LAPTOP-F1511I4M/dcp1/TETRIS_Main_board.xdc]
Parsing XDC File [C:/Users/Juten/Documents/GitHub/uec2_projekt/vivado/UEC2_projekt_tetris/.Xil/Vivado-12752-LAPTOP-F1511I4M/dcp1/TETRIS_Main_early.xdc]
INFO: [Timing 38-35] Done setting XDC timing constraints. [C:/Users/Juten/Documents/GitHub/uec2_projekt/vivado/UEC2_projekt_tetris/UEC2_projekt_tetris.srcs/sources_1/ip/IP_CLK_DIVIDER/IP_CLK_DIVIDER.xdc:57]
INFO: [Timing 38-2] Deriving generated clocks [C:/Users/Juten/Documents/GitHub/uec2_projekt/vivado/UEC2_projekt_tetris/UEC2_projekt_tetris.srcs/sources_1/ip/IP_CLK_DIVIDER/IP_CLK_DIVIDER.xdc:57]
get_clocks: Time (s): cpu = 00:00:16 ; elapsed = 00:00:15 . Memory (MB): peak = 2115.090 ; gain = 509.113
Finished Parsing XDC File [C:/Users/Juten/Documents/GitHub/uec2_projekt/vivado/UEC2_projekt_tetris/.Xil/Vivado-12752-LAPTOP-F1511I4M/dcp1/TETRIS_Main_early.xdc]
Parsing XDC File [C:/Users/Juten/Documents/GitHub/uec2_projekt/vivado/UEC2_projekt_tetris/.Xil/Vivado-12752-LAPTOP-F1511I4M/dcp1/TETRIS_Main.xdc]
Finished Parsing XDC File [C:/Users/Juten/Documents/GitHub/uec2_projekt/vivado/UEC2_projekt_tetris/.Xil/Vivado-12752-LAPTOP-F1511I4M/dcp1/TETRIS_Main.xdc]
Parsing XDC File [C:/Users/Juten/Documents/GitHub/uec2_projekt/vivado/UEC2_projekt_tetris/.Xil/Vivado-12752-LAPTOP-F1511I4M/dcp1/TETRIS_Main_late.xdc]
Finished Parsing XDC File [C:/Users/Juten/Documents/GitHub/uec2_projekt/vivado/UEC2_projekt_tetris/.Xil/Vivado-12752-LAPTOP-F1511I4M/dcp1/TETRIS_Main_late.xdc]
Reading XDEF placement.
Reading placer database...
Reading XDEF routing.
Read XDEF File: Time (s): cpu = 00:00:01 ; elapsed = 00:00:01 . Memory (MB): peak = 2125.309 ; gain = 9.156
Restored from archive | CPU: 1.000000 secs | Memory: 0.000000 MB |
Finished XDEF File Restore: Time (s): cpu = 00:00:01 ; elapsed = 00:00:01 . Memory (MB): peak = 2125.309 ; gain = 9.156
INFO: [Project 1-111] Unisim Transformation Summary:
No Unisim elements were transformed.

open_run: Time (s): cpu = 00:00:42 ; elapsed = 00:00:31 . Memory (MB): peak = 2255.500 ; gain = 846.762
CRITICAL WARNING: [Timing 38-282] The design failed to meet the timing requirements. Please see the timing summary report for details on the timing violations.
close_design
reset_run synth_1
launch_runs impl_1 -to_step write_bitstream -jobs 4
[Tue Sep 15 22:19:22 2020] Launched synth_1...
Run output will be captured here: C:/Users/Juten/Documents/GitHub/uec2_projekt/vivado/UEC2_projekt_tetris/UEC2_projekt_tetris.runs/synth_1/runme.log
[Tue Sep 15 22:19:22 2020] Launched impl_1...
Run output will be captured here: C:/Users/Juten/Documents/GitHub/uec2_projekt/vivado/UEC2_projekt_tetris/UEC2_projekt_tetris.runs/impl_1/runme.log
open_hw
connect_hw_server -url localhost:3121
INFO: [Labtools 27-2285] Connecting to hw_server url TCP:localhost:3121
INFO: [Labtools 27-2222] Launching hw_server...
INFO: [Labtools 27-2221] Launch Output:

****** Xilinx hw_server v2017.3
  **** Build date : Oct  4 2017-20:12:17
    ** Copyright 1986-2017 Xilinx, Inc. All Rights Reserved.


connect_hw_server: Time (s): cpu = 00:00:00 ; elapsed = 00:00:06 . Memory (MB): peak = 2375.168 ; gain = 0.000
current_hw_target [get_hw_targets */xilinx_tcf/Digilent/210183738867A]
set_property PARAM.FREQUENCY 15000000 [get_hw_targets */xilinx_tcf/Digilent/210183738867A]
open_hw_target
INFO: [Labtoolstcl 44-466] Opening hw_target localhost:3121/xilinx_tcf/Digilent/210183738867A
set_property PROGRAM.FILE {C:/Users/Juten/Documents/GitHub/uec2_projekt/vivado/UEC2_projekt_tetris/UEC2_projekt_tetris.runs/impl_1/TETRIS_Main.bit} [get_hw_devices xc7a35t_0]
current_hw_device [get_hw_devices xc7a35t_0]
refresh_hw_device -update_hw_probes false [lindex [get_hw_devices xc7a35t_0] 0]
INFO: [Labtools 27-1435] Device xc7a35t (JTAG device index = 0) is not programmed (DONE status = 0).
set_property PROBES.FILE {} [get_hw_devices xc7a35t_0]
set_property FULL_PROBES.FILE {} [get_hw_devices xc7a35t_0]
set_property PROGRAM.FILE {C:/Users/Juten/Documents/GitHub/uec2_projekt/vivado/UEC2_projekt_tetris/UEC2_projekt_tetris.runs/impl_1/TETRIS_Main.bit} [get_hw_devices xc7a35t_0]
program_hw_devices [get_hw_devices xc7a35t_0]
INFO: [Labtools 27-3164] End of startup status: HIGH
refresh_hw_device [lindex [get_hw_devices xc7a35t_0] 0]
INFO: [Labtools 27-1434] Device xc7a35t (JTAG device index = 0) is programmed with a design that has no supported debug core(s) in it.
WARNING: [Labtools 27-3361] The debug hub core was not detected.
Resolution: 
1. Make sure the clock connected to the debug hub (dbg_hub) core is a free running clock and is active.
2. Make sure the BSCAN_SWITCH_USER_MASK device property in Vivado Hardware Manager reflects the user scan chain setting in the design and refresh the device.  To determine the user scan chain setting in the design, open the implemented design and use 'get_property C_USER_SCAN_CHAIN [get_debug_cores dbg_hub]'.
For more details on setting the scan chain property, consult the Vivado Debug and Programming User Guide (UG908).
ERROR: [Labtoolstcl 44-513] HW Target shutdown. Closing target: localhost:3121/xilinx_tcf/Digilent/210183738867A
close_hw
reset_run synth_1
launch_runs impl_1 -to_step write_bitstream -jobs 4
[Tue Sep 15 23:17:11 2020] Launched synth_1...
Run output will be captured here: C:/Users/Juten/Documents/GitHub/uec2_projekt/vivado/UEC2_projekt_tetris/UEC2_projekt_tetris.runs/synth_1/runme.log
[Tue Sep 15 23:17:11 2020] Launched impl_1...
Run output will be captured here: C:/Users/Juten/Documents/GitHub/uec2_projekt/vivado/UEC2_projekt_tetris/UEC2_projekt_tetris.runs/impl_1/runme.log
open_hw
connect_hw_server -url localhost:3121
INFO: [Labtools 27-2285] Connecting to hw_server url TCP:localhost:3121
INFO: [Labtools 27-2222] Launching hw_server...
INFO: [Labtools 27-2221] Launch Output:

****** Xilinx hw_server v2017.3
  **** Build date : Oct  4 2017-20:12:17
    ** Copyright 1986-2017 Xilinx, Inc. All Rights Reserved.


connect_hw_server: Time (s): cpu = 00:00:00 ; elapsed = 00:00:32 . Memory (MB): peak = 2375.168 ; gain = 0.000
current_hw_target [get_hw_targets */xilinx_tcf/Digilent/210183738867A]
set_property PARAM.FREQUENCY 15000000 [get_hw_targets */xilinx_tcf/Digilent/210183738867A]
open_hw_target
INFO: [Labtoolstcl 44-466] Opening hw_target localhost:3121/xilinx_tcf/Digilent/210183738867A
set_property PROGRAM.FILE {C:/Users/Juten/Documents/GitHub/uec2_projekt/vivado/UEC2_projekt_tetris/UEC2_projekt_tetris.runs/impl_1/TETRIS_Main.bit} [get_hw_devices xc7a35t_0]
current_hw_device [get_hw_devices xc7a35t_0]
refresh_hw_device -update_hw_probes false [lindex [get_hw_devices xc7a35t_0] 0]
INFO: [Labtools 27-1435] Device xc7a35t (JTAG device index = 0) is not programmed (DONE status = 0).
set_property PROBES.FILE {} [get_hw_devices xc7a35t_0]
set_property FULL_PROBES.FILE {} [get_hw_devices xc7a35t_0]
set_property PROGRAM.FILE {C:/Users/Juten/Documents/GitHub/uec2_projekt/vivado/UEC2_projekt_tetris/UEC2_projekt_tetris.runs/impl_1/TETRIS_Main.bit} [get_hw_devices xc7a35t_0]
program_hw_devices [get_hw_devices xc7a35t_0]
INFO: [Labtools 27-3164] End of startup status: HIGH
refresh_hw_device [lindex [get_hw_devices xc7a35t_0] 0]
INFO: [Labtools 27-1434] Device xc7a35t (JTAG device index = 0) is programmed with a design that has no supported debug core(s) in it.
WARNING: [Labtools 27-3361] The debug hub core was not detected.
Resolution: 
1. Make sure the clock connected to the debug hub (dbg_hub) core is a free running clock and is active.
2. Make sure the BSCAN_SWITCH_USER_MASK device property in Vivado Hardware Manager reflects the user scan chain setting in the design and refresh the device.  To determine the user scan chain setting in the design, open the implemented design and use 'get_property C_USER_SCAN_CHAIN [get_debug_cores dbg_hub]'.
For more details on setting the scan chain property, consult the Vivado Debug and Programming User Guide (UG908).
ERROR: [Labtoolstcl 44-513] HW Target shutdown. Closing target: localhost:3121/xilinx_tcf/Digilent/210183738867A
close_hw
exit
INFO: [Common 17-206] Exiting Vivado at Tue Sep 15 23:28:56 2020...
