#-----------------------------------------------------------
# Vivado v2017.3 (64-bit)
# SW Build 2018833 on Wed Oct  4 19:58:22 MDT 2017
# IP Build 2016188 on Wed Oct  4 21:52:56 MDT 2017
# Start of session at: Mon Sep 14 12:11:11 2020
# Process ID: 6512
# Current directory: C:/Users/Filip/Desktop/uce2/uec2_projekt/vivado/UEC2_projekt_tetris
# Command line: vivado.exe -gui_launcher_event rodinguilauncherevent7100 C:\Users\Filip\Desktop\uce2\uec2_projekt\vivado\UEC2_projekt_tetris\UEC2_projekt_tetris.xpr
# Log file: C:/Users/Filip/Desktop/uce2/uec2_projekt/vivado/UEC2_projekt_tetris/vivado.log
# Journal file: C:/Users/Filip/Desktop/uce2/uec2_projekt/vivado/UEC2_projekt_tetris\vivado.jou
#-----------------------------------------------------------
start_gui
open_project C:/Users/Filip/Desktop/uce2/uec2_projekt/vivado/UEC2_projekt_tetris/UEC2_projekt_tetris.xpr
INFO: [Project 1-313] Project file moved from 'C:/Users/Juten/Documents/GitHub/uec2_projekt/vivado/UEC2_projekt_tetris' since last save.
Scanning sources...
Finished scanning sources
WARNING: [Project 1-509] GeneratedRun file for 'impl_1' not found
INFO: [IP_Flow 19-234] Refreshing IP repositories
INFO: [IP_Flow 19-1704] No user IP repositories specified
INFO: [IP_Flow 19-2313] Loaded Vivado IP repository 'C:/Xilinx/Vivado/2017.3/data/ip'.
open_project: Time (s): cpu = 00:00:15 ; elapsed = 00:00:08 . Memory (MB): peak = 782.320 ; gain = 63.129
update_compile_order -fileset sources_1
reset_run synth_1
launch_runs impl_1 -to_step write_bitstream -jobs 2
[Mon Sep 14 12:26:13 2020] Launched synth_1...
Run output will be captured here: C:/Users/Filip/Desktop/uce2/uec2_projekt/vivado/UEC2_projekt_tetris/UEC2_projekt_tetris.runs/synth_1/runme.log
[Mon Sep 14 12:26:13 2020] Launched impl_1...
Run output will be captured here: C:/Users/Filip/Desktop/uce2/uec2_projekt/vivado/UEC2_projekt_tetris/UEC2_projekt_tetris.runs/impl_1/runme.log
open_run impl_1
INFO: [Common 17-41] Interrupt caught. Command should exit soon.
INFO: [Netlist 29-17] Analyzing 1403 Unisim elements for replacement
INFO: [Netlist 29-28] Unisim Transformation completed in 0 CPU seconds
INFO: [Project 1-479] Netlist was created with Vivado 2017.3
INFO: [Common 17-344] 'open_run' was cancelled
open_hw
connect_hw_server
INFO: [Labtools 27-2285] Connecting to hw_server url TCP:localhost:3121
INFO: [Labtools 27-2222] Launching hw_server...
INFO: [Labtools 27-2221] Launch Output:

****** Xilinx hw_server v2017.3
  **** Build date : Oct  4 2017-20:12:17
    ** Copyright 1986-2017 Xilinx, Inc. All Rights Reserved.


open_hw_target
INFO: [Labtoolstcl 44-466] Opening hw_target localhost:3121/xilinx_tcf/Digilent/210183711513A
set_property PROGRAM.FILE {C:/Users/Filip/Desktop/uce2/uec2_projekt/vivado/UEC2_projekt_tetris/UEC2_projekt_tetris.runs/impl_1/TETRIS_Main.bit} [get_hw_devices xc7a35t_0]
current_hw_device [get_hw_devices xc7a35t_0]
refresh_hw_device -update_hw_probes false [lindex [get_hw_devices xc7a35t_0] 0]
INFO: [Labtools 27-1434] Device xc7a35t (JTAG device index = 0) is programmed with a design that has no supported debug core(s) in it.
WARNING: [Labtools 27-3361] The debug hub core was not detected.
Resolution: 
1. Make sure the clock connected to the debug hub (dbg_hub) core is a free running clock and is active.
2. Make sure the BSCAN_SWITCH_USER_MASK device property in Vivado Hardware Manager reflects the user scan chain setting in the design and refresh the device.  To determine the user scan chain setting in the design, open the implemented design and use 'get_property C_USER_SCAN_CHAIN [get_debug_cores dbg_hub]'.
For more details on setting the scan chain property, consult the Vivado Debug and Programming User Guide (UG908).
set_property PROBES.FILE {} [get_hw_devices xc7a35t_0]
set_property FULL_PROBES.FILE {} [get_hw_devices xc7a35t_0]
set_property PROGRAM.FILE {C:/Users/Filip/Desktop/uce2/uec2_projekt/vivado/UEC2_projekt_tetris/UEC2_projekt_tetris.runs/impl_1/TETRIS_Main.bit} [get_hw_devices xc7a35t_0]
program_hw_devices [get_hw_devices xc7a35t_0]
INFO: [Labtools 27-3164] End of startup status: HIGH
refresh_hw_device [lindex [get_hw_devices xc7a35t_0] 0]
INFO: [Labtools 27-1434] Device xc7a35t (JTAG device index = 0) is programmed with a design that has no supported debug core(s) in it.
WARNING: [Labtools 27-3361] The debug hub core was not detected.
Resolution: 
1. Make sure the clock connected to the debug hub (dbg_hub) core is a free running clock and is active.
2. Make sure the BSCAN_SWITCH_USER_MASK device property in Vivado Hardware Manager reflects the user scan chain setting in the design and refresh the device.  To determine the user scan chain setting in the design, open the implemented design and use 'get_property C_USER_SCAN_CHAIN [get_debug_cores dbg_hub]'.
For more details on setting the scan chain property, consult the Vivado Debug and Programming User Guide (UG908).
set_property PROBES.FILE {} [get_hw_devices xc7a35t_0]
set_property FULL_PROBES.FILE {} [get_hw_devices xc7a35t_0]
set_property PROGRAM.FILE {C:/Users/Filip/Desktop/uce2/uec2_projekt/vivado/UEC2_projekt_tetris/UEC2_projekt_tetris.runs/impl_1/TETRIS_Main.bit} [get_hw_devices xc7a35t_0]
program_hw_devices [get_hw_devices xc7a35t_0]
INFO: [Labtools 27-3164] End of startup status: HIGH
refresh_hw_device [lindex [get_hw_devices xc7a35t_0] 0]
INFO: [Labtools 27-1434] Device xc7a35t (JTAG device index = 0) is programmed with a design that has no supported debug core(s) in it.
WARNING: [Labtools 27-3361] The debug hub core was not detected.
Resolution: 
1. Make sure the clock connected to the debug hub (dbg_hub) core is a free running clock and is active.
2. Make sure the BSCAN_SWITCH_USER_MASK device property in Vivado Hardware Manager reflects the user scan chain setting in the design and refresh the device.  To determine the user scan chain setting in the design, open the implemented design and use 'get_property C_USER_SCAN_CHAIN [get_debug_cores dbg_hub]'.
For more details on setting the scan chain property, consult the Vivado Debug and Programming User Guide (UG908).
set_property PROBES.FILE {} [get_hw_devices xc7a35t_0]
set_property FULL_PROBES.FILE {} [get_hw_devices xc7a35t_0]
set_property PROGRAM.FILE {C:/Users/Filip/Desktop/uce2/uec2_projekt/vivado/UEC2_projekt_tetris/UEC2_projekt_tetris.runs/impl_1/TETRIS_Main.bit} [get_hw_devices xc7a35t_0]
program_hw_devices [get_hw_devices xc7a35t_0]
INFO: [Labtools 27-3164] End of startup status: HIGH
refresh_hw_device [lindex [get_hw_devices xc7a35t_0] 0]
INFO: [Labtools 27-1434] Device xc7a35t (JTAG device index = 0) is programmed with a design that has no supported debug core(s) in it.
WARNING: [Labtools 27-3361] The debug hub core was not detected.
Resolution: 
1. Make sure the clock connected to the debug hub (dbg_hub) core is a free running clock and is active.
2. Make sure the BSCAN_SWITCH_USER_MASK device property in Vivado Hardware Manager reflects the user scan chain setting in the design and refresh the device.  To determine the user scan chain setting in the design, open the implemented design and use 'get_property C_USER_SCAN_CHAIN [get_debug_cores dbg_hub]'.
For more details on setting the scan chain property, consult the Vivado Debug and Programming User Guide (UG908).
reset_run synth_1
launch_runs impl_1 -to_step write_bitstream -jobs 2
[Mon Sep 14 12:51:21 2020] Launched synth_1...
Run output will be captured here: C:/Users/Filip/Desktop/uce2/uec2_projekt/vivado/UEC2_projekt_tetris/UEC2_projekt_tetris.runs/synth_1/runme.log
[Mon Sep 14 12:51:21 2020] Launched impl_1...
Run output will be captured here: C:/Users/Filip/Desktop/uce2/uec2_projekt/vivado/UEC2_projekt_tetris/UEC2_projekt_tetris.runs/impl_1/runme.log
set_property PROBES.FILE {} [get_hw_devices xc7a35t_0]
set_property FULL_PROBES.FILE {} [get_hw_devices xc7a35t_0]
set_property PROGRAM.FILE {C:/Users/Filip/Desktop/uce2/uec2_projekt/vivado/UEC2_projekt_tetris/UEC2_projekt_tetris.runs/impl_1/TETRIS_Main.bit} [get_hw_devices xc7a35t_0]
program_hw_devices [get_hw_devices xc7a35t_0]
INFO: [Labtools 27-3164] End of startup status: HIGH
refresh_hw_device [lindex [get_hw_devices xc7a35t_0] 0]
INFO: [Labtools 27-1434] Device xc7a35t (JTAG device index = 0) is programmed with a design that has no supported debug core(s) in it.
WARNING: [Labtools 27-3361] The debug hub core was not detected.
Resolution: 
1. Make sure the clock connected to the debug hub (dbg_hub) core is a free running clock and is active.
2. Make sure the BSCAN_SWITCH_USER_MASK device property in Vivado Hardware Manager reflects the user scan chain setting in the design and refresh the device.  To determine the user scan chain setting in the design, open the implemented design and use 'get_property C_USER_SCAN_CHAIN [get_debug_cores dbg_hub]'.
For more details on setting the scan chain property, consult the Vivado Debug and Programming User Guide (UG908).
set_property PROBES.FILE {} [get_hw_devices xc7a35t_0]
set_property FULL_PROBES.FILE {} [get_hw_devices xc7a35t_0]
set_property PROGRAM.FILE {C:/Users/Filip/Desktop/uce2/uec2_projekt/vivado/UEC2_projekt_tetris/UEC2_projekt_tetris.runs/impl_1/TETRIS_Main.bit} [get_hw_devices xc7a35t_0]
program_hw_devices [get_hw_devices xc7a35t_0]
INFO: [Labtools 27-3164] End of startup status: HIGH
refresh_hw_device [lindex [get_hw_devices xc7a35t_0] 0]
INFO: [Labtools 27-1434] Device xc7a35t (JTAG device index = 0) is programmed with a design that has no supported debug core(s) in it.
WARNING: [Labtools 27-3361] The debug hub core was not detected.
Resolution: 
1. Make sure the clock connected to the debug hub (dbg_hub) core is a free running clock and is active.
2. Make sure the BSCAN_SWITCH_USER_MASK device property in Vivado Hardware Manager reflects the user scan chain setting in the design and refresh the device.  To determine the user scan chain setting in the design, open the implemented design and use 'get_property C_USER_SCAN_CHAIN [get_debug_cores dbg_hub]'.
For more details on setting the scan chain property, consult the Vivado Debug and Programming User Guide (UG908).
reset_run synth_1
launch_runs impl_1 -to_step write_bitstream -jobs 2
[Mon Sep 14 13:12:37 2020] Launched synth_1...
Run output will be captured here: C:/Users/Filip/Desktop/uce2/uec2_projekt/vivado/UEC2_projekt_tetris/UEC2_projekt_tetris.runs/synth_1/runme.log
[Mon Sep 14 13:12:37 2020] Launched impl_1...
Run output will be captured here: C:/Users/Filip/Desktop/uce2/uec2_projekt/vivado/UEC2_projekt_tetris/UEC2_projekt_tetris.runs/impl_1/runme.log
set_property PROBES.FILE {} [get_hw_devices xc7a35t_0]
set_property FULL_PROBES.FILE {} [get_hw_devices xc7a35t_0]
set_property PROGRAM.FILE {C:/Users/Filip/Desktop/uce2/uec2_projekt/vivado/UEC2_projekt_tetris/UEC2_projekt_tetris.runs/impl_1/TETRIS_Main.bit} [get_hw_devices xc7a35t_0]
program_hw_devices [get_hw_devices xc7a35t_0]
INFO: [Labtools 27-3164] End of startup status: HIGH
refresh_hw_device [lindex [get_hw_devices xc7a35t_0] 0]
INFO: [Labtools 27-1434] Device xc7a35t (JTAG device index = 0) is programmed with a design that has no supported debug core(s) in it.
WARNING: [Labtools 27-3361] The debug hub core was not detected.
Resolution: 
1. Make sure the clock connected to the debug hub (dbg_hub) core is a free running clock and is active.
2. Make sure the BSCAN_SWITCH_USER_MASK device property in Vivado Hardware Manager reflects the user scan chain setting in the design and refresh the device.  To determine the user scan chain setting in the design, open the implemented design and use 'get_property C_USER_SCAN_CHAIN [get_debug_cores dbg_hub]'.
For more details on setting the scan chain property, consult the Vivado Debug and Programming User Guide (UG908).
set_property PROBES.FILE {} [get_hw_devices xc7a35t_0]
set_property FULL_PROBES.FILE {} [get_hw_devices xc7a35t_0]
set_property PROGRAM.FILE {C:/Users/Filip/Desktop/uce2/uec2_projekt/vivado/UEC2_projekt_tetris/UEC2_projekt_tetris.runs/impl_1/TETRIS_Main.bit} [get_hw_devices xc7a35t_0]
program_hw_devices [get_hw_devices xc7a35t_0]
INFO: [Labtools 27-3164] End of startup status: HIGH
refresh_hw_device [lindex [get_hw_devices xc7a35t_0] 0]
INFO: [Labtools 27-1434] Device xc7a35t (JTAG device index = 0) is programmed with a design that has no supported debug core(s) in it.
WARNING: [Labtools 27-3361] The debug hub core was not detected.
Resolution: 
1. Make sure the clock connected to the debug hub (dbg_hub) core is a free running clock and is active.
2. Make sure the BSCAN_SWITCH_USER_MASK device property in Vivado Hardware Manager reflects the user scan chain setting in the design and refresh the device.  To determine the user scan chain setting in the design, open the implemented design and use 'get_property C_USER_SCAN_CHAIN [get_debug_cores dbg_hub]'.
For more details on setting the scan chain property, consult the Vivado Debug and Programming User Guide (UG908).
reset_run synth_1
launch_runs impl_1 -to_step write_bitstream -jobs 2
[Mon Sep 14 13:29:52 2020] Launched synth_1...
Run output will be captured here: C:/Users/Filip/Desktop/uce2/uec2_projekt/vivado/UEC2_projekt_tetris/UEC2_projekt_tetris.runs/synth_1/runme.log
[Mon Sep 14 13:29:52 2020] Launched impl_1...
Run output will be captured here: C:/Users/Filip/Desktop/uce2/uec2_projekt/vivado/UEC2_projekt_tetris/UEC2_projekt_tetris.runs/impl_1/runme.log
set_property PROBES.FILE {} [get_hw_devices xc7a35t_0]
set_property FULL_PROBES.FILE {} [get_hw_devices xc7a35t_0]
set_property PROGRAM.FILE {C:/Users/Filip/Desktop/uce2/uec2_projekt/vivado/UEC2_projekt_tetris/UEC2_projekt_tetris.runs/impl_1/TETRIS_Main.bit} [get_hw_devices xc7a35t_0]
program_hw_devices [get_hw_devices xc7a35t_0]
INFO: [Labtools 27-3164] End of startup status: HIGH
refresh_hw_device [lindex [get_hw_devices xc7a35t_0] 0]
INFO: [Labtools 27-1434] Device xc7a35t (JTAG device index = 0) is programmed with a design that has no supported debug core(s) in it.
WARNING: [Labtools 27-3361] The debug hub core was not detected.
Resolution: 
1. Make sure the clock connected to the debug hub (dbg_hub) core is a free running clock and is active.
2. Make sure the BSCAN_SWITCH_USER_MASK device property in Vivado Hardware Manager reflects the user scan chain setting in the design and refresh the device.  To determine the user scan chain setting in the design, open the implemented design and use 'get_property C_USER_SCAN_CHAIN [get_debug_cores dbg_hub]'.
For more details on setting the scan chain property, consult the Vivado Debug and Programming User Guide (UG908).
reset_run synth_1
launch_runs impl_1 -to_step write_bitstream -jobs 2
[Mon Sep 14 13:44:18 2020] Launched synth_1...
Run output will be captured here: C:/Users/Filip/Desktop/uce2/uec2_projekt/vivado/UEC2_projekt_tetris/UEC2_projekt_tetris.runs/synth_1/runme.log
[Mon Sep 14 13:44:18 2020] Launched impl_1...
Run output will be captured here: C:/Users/Filip/Desktop/uce2/uec2_projekt/vivado/UEC2_projekt_tetris/UEC2_projekt_tetris.runs/impl_1/runme.log
set_property PROBES.FILE {} [get_hw_devices xc7a35t_0]
set_property FULL_PROBES.FILE {} [get_hw_devices xc7a35t_0]
set_property PROGRAM.FILE {C:/Users/Filip/Desktop/uce2/uec2_projekt/vivado/UEC2_projekt_tetris/UEC2_projekt_tetris.runs/impl_1/TETRIS_Main.bit} [get_hw_devices xc7a35t_0]
program_hw_devices [get_hw_devices xc7a35t_0]
INFO: [Labtools 27-3164] End of startup status: HIGH
refresh_hw_device [lindex [get_hw_devices xc7a35t_0] 0]
INFO: [Labtools 27-1434] Device xc7a35t (JTAG device index = 0) is programmed with a design that has no supported debug core(s) in it.
WARNING: [Labtools 27-3361] The debug hub core was not detected.
Resolution: 
1. Make sure the clock connected to the debug hub (dbg_hub) core is a free running clock and is active.
2. Make sure the BSCAN_SWITCH_USER_MASK device property in Vivado Hardware Manager reflects the user scan chain setting in the design and refresh the device.  To determine the user scan chain setting in the design, open the implemented design and use 'get_property C_USER_SCAN_CHAIN [get_debug_cores dbg_hub]'.
For more details on setting the scan chain property, consult the Vivado Debug and Programming User Guide (UG908).
reset_run synth_1
launch_runs impl_1 -to_step write_bitstream -jobs 2
[Mon Sep 14 14:16:14 2020] Launched synth_1...
Run output will be captured here: C:/Users/Filip/Desktop/uce2/uec2_projekt/vivado/UEC2_projekt_tetris/UEC2_projekt_tetris.runs/synth_1/runme.log
[Mon Sep 14 14:16:14 2020] Launched impl_1...
Run output will be captured here: C:/Users/Filip/Desktop/uce2/uec2_projekt/vivado/UEC2_projekt_tetris/UEC2_projekt_tetris.runs/impl_1/runme.log
set_property PROBES.FILE {} [get_hw_devices xc7a35t_0]
set_property FULL_PROBES.FILE {} [get_hw_devices xc7a35t_0]
set_property PROGRAM.FILE {C:/Users/Filip/Desktop/uce2/uec2_projekt/vivado/UEC2_projekt_tetris/UEC2_projekt_tetris.runs/impl_1/TETRIS_Main.bit} [get_hw_devices xc7a35t_0]
program_hw_devices [get_hw_devices xc7a35t_0]
INFO: [Labtools 27-3164] End of startup status: HIGH
refresh_hw_device [lindex [get_hw_devices xc7a35t_0] 0]
INFO: [Labtools 27-1434] Device xc7a35t (JTAG device index = 0) is programmed with a design that has no supported debug core(s) in it.
WARNING: [Labtools 27-3361] The debug hub core was not detected.
Resolution: 
1. Make sure the clock connected to the debug hub (dbg_hub) core is a free running clock and is active.
2. Make sure the BSCAN_SWITCH_USER_MASK device property in Vivado Hardware Manager reflects the user scan chain setting in the design and refresh the device.  To determine the user scan chain setting in the design, open the implemented design and use 'get_property C_USER_SCAN_CHAIN [get_debug_cores dbg_hub]'.
For more details on setting the scan chain property, consult the Vivado Debug and Programming User Guide (UG908).
reset_run synth_1
launch_runs impl_1 -to_step write_bitstream -jobs 2
[Mon Sep 14 15:26:54 2020] Launched synth_1...
Run output will be captured here: C:/Users/Filip/Desktop/uce2/uec2_projekt/vivado/UEC2_projekt_tetris/UEC2_projekt_tetris.runs/synth_1/runme.log
[Mon Sep 14 15:26:54 2020] Launched impl_1...
Run output will be captured here: C:/Users/Filip/Desktop/uce2/uec2_projekt/vivado/UEC2_projekt_tetris/UEC2_projekt_tetris.runs/impl_1/runme.log
reset_run synth_1
close [ open C:/Users/Filip/Desktop/uce2/uec2_projekt/vivado/UEC2_projekt_tetris/UEC2_projekt_tetris.srcs/sources_1/new/test_piece.v w ]
add_files C:/Users/Filip/Desktop/uce2/uec2_projekt/vivado/UEC2_projekt_tetris/UEC2_projekt_tetris.srcs/sources_1/new/test_piece.v
update_compile_order -fileset sources_1
export_ip_user_files -of_objects  [get_files C:/Users/Filip/Desktop/uce2/uec2_projekt/vivado/UEC2_projekt_tetris/UEC2_projekt_tetris.srcs/sources_1/new/test_piece.v] -no_script -reset -force -quiet
remove_files  C:/Users/Filip/Desktop/uce2/uec2_projekt/vivado/UEC2_projekt_tetris/UEC2_projekt_tetris.srcs/sources_1/new/test_piece.v
remove_files  C:/Users/Filip/Desktop/uce2/uec2_projekt/vivado/UEC2_projekt_tetris/UEC2_projekt_tetris.srcs/sources_1/new/test_piece.v
WARNING: [Vivado 12-818] No files matched 'C:/Users/Filip/Desktop/uce2/uec2_projekt/vivado/UEC2_projekt_tetris/UEC2_projekt_tetris.srcs/sources_1/new/test_piece.v'
file delete -force C:/Users/Filip/Desktop/uce2/uec2_projekt/vivado/UEC2_projekt_tetris/UEC2_projekt_tetris.srcs/sources_1/new/test_piece.v
launch_runs impl_1 -to_step write_bitstream -jobs 2
[Mon Sep 14 15:45:02 2020] Launched synth_1...
Run output will be captured here: C:/Users/Filip/Desktop/uce2/uec2_projekt/vivado/UEC2_projekt_tetris/UEC2_projekt_tetris.runs/synth_1/runme.log
[Mon Sep 14 15:45:02 2020] Launched impl_1...
Run output will be captured here: C:/Users/Filip/Desktop/uce2/uec2_projekt/vivado/UEC2_projekt_tetris/UEC2_projekt_tetris.runs/impl_1/runme.log
reset_run synth_1
launch_runs impl_1 -to_step write_bitstream -jobs 2
[Mon Sep 14 15:47:02 2020] Launched synth_1...
Run output will be captured here: C:/Users/Filip/Desktop/uce2/uec2_projekt/vivado/UEC2_projekt_tetris/UEC2_projekt_tetris.runs/synth_1/runme.log
[Mon Sep 14 15:47:02 2020] Launched impl_1...
Run output will be captured here: C:/Users/Filip/Desktop/uce2/uec2_projekt/vivado/UEC2_projekt_tetris/UEC2_projekt_tetris.runs/impl_1/runme.log
reset_run synth_1
WARNING: [Vivado 12-1017] Problems encountered:
1. PID not specified

launch_runs impl_1 -to_step write_bitstream -jobs 2
[Mon Sep 14 15:47:04 2020] Launched synth_1...
Run output will be captured here: C:/Users/Filip/Desktop/uce2/uec2_projekt/vivado/UEC2_projekt_tetris/UEC2_projekt_tetris.runs/synth_1/runme.log
[Mon Sep 14 15:47:05 2020] Launched impl_1...
Run output will be captured here: C:/Users/Filip/Desktop/uce2/uec2_projekt/vivado/UEC2_projekt_tetris/UEC2_projekt_tetris.runs/impl_1/runme.log
set_property PROBES.FILE {} [get_hw_devices xc7a35t_0]
set_property FULL_PROBES.FILE {} [get_hw_devices xc7a35t_0]
set_property PROGRAM.FILE {C:/Users/Filip/Desktop/uce2/uec2_projekt/vivado/UEC2_projekt_tetris/UEC2_projekt_tetris.runs/impl_1/TETRIS_Main.bit} [get_hw_devices xc7a35t_0]
program_hw_devices [get_hw_devices xc7a35t_0]
INFO: [Labtools 27-3164] End of startup status: HIGH
refresh_hw_device [lindex [get_hw_devices xc7a35t_0] 0]
INFO: [Labtools 27-1434] Device xc7a35t (JTAG device index = 0) is programmed with a design that has no supported debug core(s) in it.
WARNING: [Labtools 27-3361] The debug hub core was not detected.
Resolution: 
1. Make sure the clock connected to the debug hub (dbg_hub) core is a free running clock and is active.
2. Make sure the BSCAN_SWITCH_USER_MASK device property in Vivado Hardware Manager reflects the user scan chain setting in the design and refresh the device.  To determine the user scan chain setting in the design, open the implemented design and use 'get_property C_USER_SCAN_CHAIN [get_debug_cores dbg_hub]'.
For more details on setting the scan chain property, consult the Vivado Debug and Programming User Guide (UG908).
reset_run synth_1
launch_runs impl_1 -to_step write_bitstream -jobs 2
[Mon Sep 14 16:26:38 2020] Launched synth_1...
Run output will be captured here: C:/Users/Filip/Desktop/uce2/uec2_projekt/vivado/UEC2_projekt_tetris/UEC2_projekt_tetris.runs/synth_1/runme.log
[Mon Sep 14 16:26:38 2020] Launched impl_1...
Run output will be captured here: C:/Users/Filip/Desktop/uce2/uec2_projekt/vivado/UEC2_projekt_tetris/UEC2_projekt_tetris.runs/impl_1/runme.log
set_property PROBES.FILE {} [get_hw_devices xc7a35t_0]
set_property FULL_PROBES.FILE {} [get_hw_devices xc7a35t_0]
set_property PROGRAM.FILE {C:/Users/Filip/Desktop/uce2/uec2_projekt/vivado/UEC2_projekt_tetris/UEC2_projekt_tetris.runs/impl_1/TETRIS_Main.bit} [get_hw_devices xc7a35t_0]
program_hw_devices [get_hw_devices xc7a35t_0]
INFO: [Labtools 27-3164] End of startup status: HIGH
refresh_hw_device [lindex [get_hw_devices xc7a35t_0] 0]
INFO: [Labtools 27-1434] Device xc7a35t (JTAG device index = 0) is programmed with a design that has no supported debug core(s) in it.
WARNING: [Labtools 27-3361] The debug hub core was not detected.
Resolution: 
1. Make sure the clock connected to the debug hub (dbg_hub) core is a free running clock and is active.
2. Make sure the BSCAN_SWITCH_USER_MASK device property in Vivado Hardware Manager reflects the user scan chain setting in the design and refresh the device.  To determine the user scan chain setting in the design, open the implemented design and use 'get_property C_USER_SCAN_CHAIN [get_debug_cores dbg_hub]'.
For more details on setting the scan chain property, consult the Vivado Debug and Programming User Guide (UG908).
set_property PROBES.FILE {} [get_hw_devices xc7a35t_0]
set_property FULL_PROBES.FILE {} [get_hw_devices xc7a35t_0]
set_property PROGRAM.FILE {C:/Users/Filip/Desktop/uce2/uec2_projekt/vivado/UEC2_projekt_tetris/UEC2_projekt_tetris.runs/impl_1/TETRIS_Main.bit} [get_hw_devices xc7a35t_0]
program_hw_devices [get_hw_devices xc7a35t_0]
INFO: [Labtools 27-3164] End of startup status: HIGH
refresh_hw_device [lindex [get_hw_devices xc7a35t_0] 0]
INFO: [Labtools 27-1434] Device xc7a35t (JTAG device index = 0) is programmed with a design that has no supported debug core(s) in it.
WARNING: [Labtools 27-3361] The debug hub core was not detected.
Resolution: 
1. Make sure the clock connected to the debug hub (dbg_hub) core is a free running clock and is active.
2. Make sure the BSCAN_SWITCH_USER_MASK device property in Vivado Hardware Manager reflects the user scan chain setting in the design and refresh the device.  To determine the user scan chain setting in the design, open the implemented design and use 'get_property C_USER_SCAN_CHAIN [get_debug_cores dbg_hub]'.
For more details on setting the scan chain property, consult the Vivado Debug and Programming User Guide (UG908).
reset_run synth_1
launch_runs impl_1 -to_step write_bitstream -jobs 2
[Mon Sep 14 16:44:58 2020] Launched synth_1...
Run output will be captured here: C:/Users/Filip/Desktop/uce2/uec2_projekt/vivado/UEC2_projekt_tetris/UEC2_projekt_tetris.runs/synth_1/runme.log
[Mon Sep 14 16:44:58 2020] Launched impl_1...
Run output will be captured here: C:/Users/Filip/Desktop/uce2/uec2_projekt/vivado/UEC2_projekt_tetris/UEC2_projekt_tetris.runs/impl_1/runme.log
set_property PROBES.FILE {} [get_hw_devices xc7a35t_0]
set_property FULL_PROBES.FILE {} [get_hw_devices xc7a35t_0]
set_property PROGRAM.FILE {C:/Users/Filip/Desktop/uce2/uec2_projekt/vivado/UEC2_projekt_tetris/UEC2_projekt_tetris.runs/impl_1/TETRIS_Main.bit} [get_hw_devices xc7a35t_0]
program_hw_devices [get_hw_devices xc7a35t_0]
INFO: [Labtools 27-3164] End of startup status: HIGH
refresh_hw_device [lindex [get_hw_devices xc7a35t_0] 0]
INFO: [Labtools 27-1434] Device xc7a35t (JTAG device index = 0) is programmed with a design that has no supported debug core(s) in it.
WARNING: [Labtools 27-3361] The debug hub core was not detected.
Resolution: 
1. Make sure the clock connected to the debug hub (dbg_hub) core is a free running clock and is active.
2. Make sure the BSCAN_SWITCH_USER_MASK device property in Vivado Hardware Manager reflects the user scan chain setting in the design and refresh the device.  To determine the user scan chain setting in the design, open the implemented design and use 'get_property C_USER_SCAN_CHAIN [get_debug_cores dbg_hub]'.
For more details on setting the scan chain property, consult the Vivado Debug and Programming User Guide (UG908).
reset_run synth_1
launch_runs impl_1 -to_step write_bitstream -jobs 2
[Mon Sep 14 17:02:27 2020] Launched synth_1...
Run output will be captured here: C:/Users/Filip/Desktop/uce2/uec2_projekt/vivado/UEC2_projekt_tetris/UEC2_projekt_tetris.runs/synth_1/runme.log
[Mon Sep 14 17:02:27 2020] Launched impl_1...
Run output will be captured here: C:/Users/Filip/Desktop/uce2/uec2_projekt/vivado/UEC2_projekt_tetris/UEC2_projekt_tetris.runs/impl_1/runme.log
set_property PROBES.FILE {} [get_hw_devices xc7a35t_0]
set_property FULL_PROBES.FILE {} [get_hw_devices xc7a35t_0]
set_property PROGRAM.FILE {C:/Users/Filip/Desktop/uce2/uec2_projekt/vivado/UEC2_projekt_tetris/UEC2_projekt_tetris.runs/impl_1/TETRIS_Main.bit} [get_hw_devices xc7a35t_0]
program_hw_devices [get_hw_devices xc7a35t_0]
INFO: [Labtools 27-3164] End of startup status: HIGH
refresh_hw_device [lindex [get_hw_devices xc7a35t_0] 0]
INFO: [Labtools 27-1434] Device xc7a35t (JTAG device index = 0) is programmed with a design that has no supported debug core(s) in it.
WARNING: [Labtools 27-3361] The debug hub core was not detected.
Resolution: 
1. Make sure the clock connected to the debug hub (dbg_hub) core is a free running clock and is active.
2. Make sure the BSCAN_SWITCH_USER_MASK device property in Vivado Hardware Manager reflects the user scan chain setting in the design and refresh the device.  To determine the user scan chain setting in the design, open the implemented design and use 'get_property C_USER_SCAN_CHAIN [get_debug_cores dbg_hub]'.
For more details on setting the scan chain property, consult the Vivado Debug and Programming User Guide (UG908).
reset_run synth_1
launch_runs impl_1 -to_step write_bitstream -jobs 2
[Mon Sep 14 17:29:51 2020] Launched synth_1...
Run output will be captured here: C:/Users/Filip/Desktop/uce2/uec2_projekt/vivado/UEC2_projekt_tetris/UEC2_projekt_tetris.runs/synth_1/runme.log
[Mon Sep 14 17:29:51 2020] Launched impl_1...
Run output will be captured here: C:/Users/Filip/Desktop/uce2/uec2_projekt/vivado/UEC2_projekt_tetris/UEC2_projekt_tetris.runs/impl_1/runme.log
set_property PROBES.FILE {} [get_hw_devices xc7a35t_0]
set_property FULL_PROBES.FILE {} [get_hw_devices xc7a35t_0]
set_property PROGRAM.FILE {C:/Users/Filip/Desktop/uce2/uec2_projekt/vivado/UEC2_projekt_tetris/UEC2_projekt_tetris.runs/impl_1/TETRIS_Main.bit} [get_hw_devices xc7a35t_0]
program_hw_devices [get_hw_devices xc7a35t_0]
INFO: [Labtools 27-3164] End of startup status: HIGH
refresh_hw_device [lindex [get_hw_devices xc7a35t_0] 0]
INFO: [Labtools 27-1434] Device xc7a35t (JTAG device index = 0) is programmed with a design that has no supported debug core(s) in it.
WARNING: [Labtools 27-3361] The debug hub core was not detected.
Resolution: 
1. Make sure the clock connected to the debug hub (dbg_hub) core is a free running clock and is active.
2. Make sure the BSCAN_SWITCH_USER_MASK device property in Vivado Hardware Manager reflects the user scan chain setting in the design and refresh the device.  To determine the user scan chain setting in the design, open the implemented design and use 'get_property C_USER_SCAN_CHAIN [get_debug_cores dbg_hub]'.
For more details on setting the scan chain property, consult the Vivado Debug and Programming User Guide (UG908).
reset_run synth_1
launch_runs impl_1 -to_step write_bitstream -jobs 2
[Mon Sep 14 17:51:48 2020] Launched synth_1...
Run output will be captured here: C:/Users/Filip/Desktop/uce2/uec2_projekt/vivado/UEC2_projekt_tetris/UEC2_projekt_tetris.runs/synth_1/runme.log
[Mon Sep 14 17:51:48 2020] Launched impl_1...
Run output will be captured here: C:/Users/Filip/Desktop/uce2/uec2_projekt/vivado/UEC2_projekt_tetris/UEC2_projekt_tetris.runs/impl_1/runme.log
set_property PROBES.FILE {} [get_hw_devices xc7a35t_0]
set_property FULL_PROBES.FILE {} [get_hw_devices xc7a35t_0]
set_property PROGRAM.FILE {C:/Users/Filip/Desktop/uce2/uec2_projekt/vivado/UEC2_projekt_tetris/UEC2_projekt_tetris.runs/impl_1/TETRIS_Main.bit} [get_hw_devices xc7a35t_0]
program_hw_devices [get_hw_devices xc7a35t_0]
INFO: [Labtools 27-3164] End of startup status: HIGH
refresh_hw_device [lindex [get_hw_devices xc7a35t_0] 0]
INFO: [Labtools 27-1434] Device xc7a35t (JTAG device index = 0) is programmed with a design that has no supported debug core(s) in it.
WARNING: [Labtools 27-3361] The debug hub core was not detected.
Resolution: 
1. Make sure the clock connected to the debug hub (dbg_hub) core is a free running clock and is active.
2. Make sure the BSCAN_SWITCH_USER_MASK device property in Vivado Hardware Manager reflects the user scan chain setting in the design and refresh the device.  To determine the user scan chain setting in the design, open the implemented design and use 'get_property C_USER_SCAN_CHAIN [get_debug_cores dbg_hub]'.
For more details on setting the scan chain property, consult the Vivado Debug and Programming User Guide (UG908).
set_property PROBES.FILE {} [get_hw_devices xc7a35t_0]
set_property FULL_PROBES.FILE {} [get_hw_devices xc7a35t_0]
set_property PROGRAM.FILE {C:/Users/Filip/Desktop/uce2/uec2_projekt/vivado/UEC2_projekt_tetris/UEC2_projekt_tetris.runs/impl_1/TETRIS_Main.bit} [get_hw_devices xc7a35t_0]
program_hw_devices [get_hw_devices xc7a35t_0]
INFO: [Labtools 27-3164] End of startup status: HIGH
refresh_hw_device [lindex [get_hw_devices xc7a35t_0] 0]
INFO: [Labtools 27-1434] Device xc7a35t (JTAG device index = 0) is programmed with a design that has no supported debug core(s) in it.
WARNING: [Labtools 27-3361] The debug hub core was not detected.
Resolution: 
1. Make sure the clock connected to the debug hub (dbg_hub) core is a free running clock and is active.
2. Make sure the BSCAN_SWITCH_USER_MASK device property in Vivado Hardware Manager reflects the user scan chain setting in the design and refresh the device.  To determine the user scan chain setting in the design, open the implemented design and use 'get_property C_USER_SCAN_CHAIN [get_debug_cores dbg_hub]'.
For more details on setting the scan chain property, consult the Vivado Debug and Programming User Guide (UG908).
exit
INFO: [Common 17-206] Exiting Vivado at Mon Sep 14 18:10:07 2020...
