#-----------------------------------------------------------
# Vivado v2017.3 (64-bit)
# SW Build 2018833 on Wed Oct  4 19:58:22 MDT 2017
# IP Build 2016188 on Wed Oct  4 21:52:56 MDT 2017
# Start of session at: Wed Aug 19 17:58:06 2020
# Process ID: 5576
# Current directory: C:/Users/Filip/Desktop/uec2_projekt/vivado/UEC2_projekt_tetris
# Command line: vivado.exe -gui_launcher_event rodinguilauncherevent1684 C:\Users\Filip\Desktop\uec2_projekt\vivado\UEC2_projekt_tetris\UEC2_projekt_tetris.xpr
# Log file: C:/Users/Filip/Desktop/uec2_projekt/vivado/UEC2_projekt_tetris/vivado.log
# Journal file: C:/Users/Filip/Desktop/uec2_projekt/vivado/UEC2_projekt_tetris\vivado.jou
#-----------------------------------------------------------
start_gui
open_project C:/Users/Filip/Desktop/uec2_projekt/vivado/UEC2_projekt_tetris/UEC2_projekt_tetris.xpr
Scanning sources...
Finished scanning sources
INFO: [IP_Flow 19-234] Refreshing IP repositories
INFO: [IP_Flow 19-1704] No user IP repositories specified
INFO: [IP_Flow 19-2313] Loaded Vivado IP repository 'C:/Xilinx/Vivado/2017.3/data/ip'.
open_project: Time (s): cpu = 00:00:14 ; elapsed = 00:00:07 . Memory (MB): peak = 796.375 ; gain = 90.484
update_compile_order -fileset sources_1
reset_run synth_1
launch_runs synth_1 -jobs 2
[Wed Aug 19 17:59:43 2020] Launched synth_1...
Run output will be captured here: C:/Users/Filip/Desktop/uec2_projekt/vivado/UEC2_projekt_tetris/UEC2_projekt_tetris.runs/synth_1/runme.log
reset_run synth_1
launch_runs synth_1 -jobs 2
[Wed Aug 19 18:05:02 2020] Launched synth_1...
Run output will be captured here: C:/Users/Filip/Desktop/uec2_projekt/vivado/UEC2_projekt_tetris/UEC2_projekt_tetris.runs/synth_1/runme.log
reset_run synth_1
launch_runs synth_1 -jobs 2
[Wed Aug 19 18:07:03 2020] Launched synth_1...
Run output will be captured here: C:/Users/Filip/Desktop/uec2_projekt/vivado/UEC2_projekt_tetris/UEC2_projekt_tetris.runs/synth_1/runme.log
reset_run synth_1
launch_runs synth_1 -jobs 2
[Wed Aug 19 18:12:37 2020] Launched synth_1...
Run output will be captured here: C:/Users/Filip/Desktop/uec2_projekt/vivado/UEC2_projekt_tetris/UEC2_projekt_tetris.runs/synth_1/runme.log
reset_run synth_1
launch_runs synth_1 -jobs 2
CRITICAL WARNING: [HDL 9-806] Syntax error near "end". [C:/Users/Filip/Desktop/uec2_projekt/vivado/UEC2_projekt_tetris/UEC2_projekt_tetris.srcs/sources_1/new/GAME_FRAME.v:79]
[Wed Aug 19 18:21:55 2020] Launched synth_1...
Run output will be captured here: C:/Users/Filip/Desktop/uec2_projekt/vivado/UEC2_projekt_tetris/UEC2_projekt_tetris.runs/synth_1/runme.log
reset_run synth_1
launch_runs synth_1 -jobs 2
[Wed Aug 19 18:23:15 2020] Launched synth_1...
Run output will be captured here: C:/Users/Filip/Desktop/uec2_projekt/vivado/UEC2_projekt_tetris/UEC2_projekt_tetris.runs/synth_1/runme.log
reset_run synth_1
launch_runs synth_1 -jobs 2
[Wed Aug 19 18:23:55 2020] Launched synth_1...
Run output will be captured here: C:/Users/Filip/Desktop/uec2_projekt/vivado/UEC2_projekt_tetris/UEC2_projekt_tetris.runs/synth_1/runme.log
reset_run synth_1
launch_runs synth_1 -jobs 2
[Wed Aug 19 18:26:17 2020] Launched synth_1...
Run output will be captured here: C:/Users/Filip/Desktop/uec2_projekt/vivado/UEC2_projekt_tetris/UEC2_projekt_tetris.runs/synth_1/runme.log
exit
INFO: [Common 17-206] Exiting Vivado at Wed Aug 19 18:28:55 2020...
